<?xml version="1.0" ?>
<!DOCTYPE coverage SYSTEM "http://cobertura.sourceforge.net/xml/coverage-04.dtd">
<coverage lines-valid="27" lines-covered="27" line-rate="1" branches-valid="0" branches-covered="0" branch-rate="1" timestamp="1744480845735" complexity="0" version="0.1">
  <sources>
    <source>/Users/kacperszczepanek/Documents/repos/ai-reminder-bot/src/functions/reminder</source>
  </sources>
  <packages>
    <package name="main" line-rate="1" branch-rate="1">
      <classes>
        <class name="index.ts" filename="src/index.ts" line-rate="1" branch-rate="1">
          <methods>
            <method name="(anonymous_9)" hits="4" signature="()V">
              <lines>
                <line number="6" hits="4"/>
              </lines>
            </method>
          </methods>
          <lines>
            <line number="1" hits="1" branch="false"/>
            <line number="2" hits="1" branch="false"/>
            <line number="4" hits="1" branch="false"/>
            <line number="6" hits="1" branch="false"/>
            <line number="8" hits="4" branch="false"/>
            <line number="9" hits="4" branch="false"/>
            <line number="10" hits="4" branch="false"/>
            <line number="12" hits="4" branch="false"/>
            <line number="16" hits="4" branch="false"/>
            <line number="20" hits="4" branch="false"/>
            <line number="23" hits="4" branch="false"/>
            <line number="32" hits="4" branch="false"/>
            <line number="34" hits="4" branch="false"/>
            <line number="35" hits="3" branch="false"/>
            <line number="37" hits="3" branch="false"/>
            <line number="43" hits="3" branch="false"/>
            <line number="45" hits="3" branch="false"/>
            <line number="46" hits="2" branch="false"/>
            <line number="47" hits="2" branch="false"/>
            <line number="48" hits="2" branch="false"/>
            <line number="51" hits="2" branch="false"/>
            <line number="52" hits="2" branch="false"/>
            <line number="54" hits="2" branch="false"/>
            <line number="55" hits="2" branch="false"/>
            <line number="57" hits="2" branch="false"/>
            <line number="58" hits="2" branch="false"/>
            <line number="64" hits="1" branch="false"/>
          </lines>
        </class>
      </classes>
    </package>
  </packages>
</coverage>
